  [1m[35m (6.9ms)[0m  [1m[35mCREATE TABLE "schema_migrations" ("version" character varying NOT NULL PRIMARY KEY)[0m
  [1m[35m (5.4ms)[0m  [1m[35mCREATE TABLE "ar_internal_metadata" ("key" character varying NOT NULL PRIMARY KEY, "value" character varying, "created_at" timestamp NOT NULL, "updated_at" timestamp NOT NULL)[0m
  [1m[35m (0.6ms)[0m  [1m[34mSELECT pg_try_advisory_lock(7460770554025143705)[0m
  [1m[35m (0.5ms)[0m  [1m[34mSELECT "schema_migrations"."version" FROM "schema_migrations" ORDER BY "schema_migrations"."version" ASC[0m
Migrating to CreateCircuits (20171227195143)
  [1m[35m (0.1ms)[0m  [1m[35mBEGIN[0m
  [1m[35m (9.0ms)[0m  [1m[35mCREATE TABLE "circuits" ("id" bigserial primary key, "name" character varying, "subtitle" character varying, "header_image_file_name" character varying, "header_image_content_type" character varying, "header_image_file_size" integer, "header_image_updated_at" timestamp, "content_header_image_file_name" character varying, "content_header_image_content_type" character varying, "content_header_image_file_size" integer, "content_header_image_updated_at" timestamp, "content_title" character varying, "content_subtitle" character varying, "content" text, "created_at" timestamp NOT NULL, "updated_at" timestamp NOT NULL)[0m
  [1m[35mSQL (1.4ms)[0m  [1m[32mINSERT INTO "schema_migrations" ("version") VALUES ($1) RETURNING "version"[0m  [["version", "20171227195143"]]
  [1m[35m (1.5ms)[0m  [1m[35mCOMMIT[0m
Migrating to CreateTotems (20171227195509)
  [1m[35m (0.6ms)[0m  [1m[35mBEGIN[0m
  [1m[35m (11.3ms)[0m  [1m[35mCREATE TABLE "totems" ("id" bigserial primary key, "name" character varying, "description" text, "main_image_file_name" character varying, "main_image_content_type" character varying, "main_image_file_size" integer, "main_image_updated_at" timestamp, "header_image_file_name" character varying, "header_image_content_type" character varying, "header_image_file_size" integer, "header_image_updated_at" timestamp, "infographic_file_name" character varying, "infographic_content_type" character varying, "infographic_file_size" integer, "infographic_updated_at" timestamp, "content" text, "location" character varying, "latitude" float, "longitude" float, "position" integer, "circuit_id" bigint, "created_at" timestamp NOT NULL, "updated_at" timestamp NOT NULL, CONSTRAINT "fk_rails_0310e8c267"
FOREIGN KEY ("circuit_id")
  REFERENCES "circuits" ("id")
)[0m
  [1m[35m (3.4ms)[0m  [1m[35mCREATE  INDEX  "index_totems_on_circuit_id" ON "totems"  ("circuit_id")[0m
  [1m[35mSQL (0.7ms)[0m  [1m[32mINSERT INTO "schema_migrations" ("version") VALUES ($1) RETURNING "version"[0m  [["version", "20171227195509"]]
  [1m[35m (1.6ms)[0m  [1m[35mCOMMIT[0m
Migrating to AddSlugToCircuits (20171229001908)
  [1m[35m (0.5ms)[0m  [1m[35mBEGIN[0m
  [1m[35m (1.0ms)[0m  [1m[35mALTER TABLE "circuits" ADD "slug" character varying NOT NULL[0m
  [1m[35m (3.3ms)[0m  [1m[35mCREATE UNIQUE INDEX  "index_circuits_on_slug" ON "circuits"  ("slug")[0m
  [1m[35mSQL (0.9ms)[0m  [1m[32mINSERT INTO "schema_migrations" ("version") VALUES ($1) RETURNING "version"[0m  [["version", "20171229001908"]]
  [1m[35m (1.3ms)[0m  [1m[35mCOMMIT[0m
Migrating to AddSlugToTotem (20171229010051)
  [1m[35m (0.4ms)[0m  [1m[35mBEGIN[0m
  [1m[35m (0.9ms)[0m  [1m[35mALTER TABLE "totems" ADD "slug" character varying NOT NULL[0m
  [1m[35m (3.1ms)[0m  [1m[35mCREATE UNIQUE INDEX  "index_totems_on_slug" ON "totems"  ("slug")[0m
  [1m[35mSQL (0.9ms)[0m  [1m[32mINSERT INTO "schema_migrations" ("version") VALUES ($1) RETURNING "version"[0m  [["version", "20171229010051"]]
  [1m[35m (1.1ms)[0m  [1m[35mCOMMIT[0m
Migrating to DeviseCreateUsers (20180109014347)
  [1m[35m (0.3ms)[0m  [1m[35mBEGIN[0m
  [1m[35m (8.2ms)[0m  [1m[35mCREATE TABLE "users" ("id" bigserial primary key, "email" character varying DEFAULT '' NOT NULL, "encrypted_password" character varying DEFAULT '' NOT NULL, "reset_password_token" character varying, "reset_password_sent_at" timestamp, "remember_created_at" timestamp, "sign_in_count" integer DEFAULT 0 NOT NULL, "current_sign_in_at" timestamp, "last_sign_in_at" timestamp, "current_sign_in_ip" inet, "last_sign_in_ip" inet, "created_at" timestamp NOT NULL, "updated_at" timestamp NOT NULL)[0m
  [1m[35m (2.3ms)[0m  [1m[35mCREATE UNIQUE INDEX  "index_users_on_email" ON "users"  ("email")[0m
  [1m[35m (6.0ms)[0m  [1m[35mCREATE UNIQUE INDEX  "index_users_on_reset_password_token" ON "users"  ("reset_password_token")[0m
  [1m[35mSQL (0.7ms)[0m  [1m[32mINSERT INTO "schema_migrations" ("version") VALUES ($1) RETURNING "version"[0m  [["version", "20180109014347"]]
  [1m[35m (1.8ms)[0m  [1m[35mCOMMIT[0m
Migrating to AddAdminToUsers (20180127225929)
  [1m[35m (0.3ms)[0m  [1m[35mBEGIN[0m
  [1m[35m (11.7ms)[0m  [1m[35mALTER TABLE "users" ADD "admin" boolean DEFAULT 'f'[0m
  [1m[35mSQL (0.5ms)[0m  [1m[32mINSERT INTO "schema_migrations" ("version") VALUES ($1) RETURNING "version"[0m  [["version", "20180127225929"]]
  [1m[35m (1.8ms)[0m  [1m[35mCOMMIT[0m
Migrating to TotemImage (20180128192732)
  [1m[35m (0.3ms)[0m  [1m[35mBEGIN[0m
  [1m[35m (7.7ms)[0m  [1m[35mCREATE TABLE "totem_images" ("id" bigserial primary key, "image_file_name" character varying, "image_content_type" character varying, "image_file_size" integer, "image_updated_at" timestamp, "totem_id" bigint, "created_at" timestamp NOT NULL, "updated_at" timestamp NOT NULL, CONSTRAINT "fk_rails_97392e9bf8"
FOREIGN KEY ("totem_id")
  REFERENCES "totems" ("id")
)[0m
  [1m[35m (2.5ms)[0m  [1m[35mCREATE  INDEX  "index_totem_images_on_totem_id" ON "totem_images"  ("totem_id")[0m
  [1m[35mSQL (0.5ms)[0m  [1m[32mINSERT INTO "schema_migrations" ("version") VALUES ($1) RETURNING "version"[0m  [["version", "20180128192732"]]
  [1m[35m (1.2ms)[0m  [1m[35mCOMMIT[0m
Migrating to CircuitImage (20180129021215)
  [1m[35m (0.4ms)[0m  [1m[35mBEGIN[0m
  [1m[35m (9.3ms)[0m  [1m[35mCREATE TABLE "circuit_images" ("id" bigserial primary key, "image_file_name" character varying, "image_content_type" character varying, "image_file_size" integer, "image_updated_at" timestamp, "circuit_id" bigint, "created_at" timestamp NOT NULL, "updated_at" timestamp NOT NULL, CONSTRAINT "fk_rails_c97e5f6036"
FOREIGN KEY ("circuit_id")
  REFERENCES "circuits" ("id")
)[0m
  [1m[35m (2.4ms)[0m  [1m[35mCREATE  INDEX  "index_circuit_images_on_circuit_id" ON "circuit_images"  ("circuit_id")[0m
  [1m[35mSQL (0.5ms)[0m  [1m[32mINSERT INTO "schema_migrations" ("version") VALUES ($1) RETURNING "version"[0m  [["version", "20180129021215"]]
  [1m[35m (5.0ms)[0m  [1m[35mCOMMIT[0m
Migrating to CreatePolls (20180129025122)
  [1m[35m (0.3ms)[0m  [1m[35mBEGIN[0m
  [1m[35m (6.6ms)[0m  [1m[35mCREATE TABLE "polls" ("id" bigserial primary key, "name" character varying, "email" character varying, "origin" character varying, "created_at" timestamp NOT NULL, "updated_at" timestamp NOT NULL)[0m
  [1m[35mSQL (0.7ms)[0m  [1m[32mINSERT INTO "schema_migrations" ("version") VALUES ($1) RETURNING "version"[0m  [["version", "20180129025122"]]
  [1m[35m (1.2ms)[0m  [1m[35mCOMMIT[0m
Migrating to ActsAsTaggableOnMigration (20180129025134)
  [1m[35m (0.3ms)[0m  [1m[35mBEGIN[0m
  [1m[35m (7.1ms)[0m  [1m[35mCREATE TABLE "tags" ("id" serial NOT NULL PRIMARY KEY, "name" character varying)[0m
  [1m[35m (6.5ms)[0m  [1m[35mCREATE TABLE "taggings" ("id" serial NOT NULL PRIMARY KEY, "tag_id" integer, "taggable_type" character varying, "taggable_id" integer, "tagger_type" character varying, "tagger_id" integer, "context" character varying(128), "created_at" timestamp)[0m
  [1m[35m (2.8ms)[0m  [1m[35mCREATE  INDEX  "index_taggings_on_tag_id" ON "taggings"  ("tag_id")[0m
  [1m[35m (3.3ms)[0m  [1m[35mCREATE  INDEX  "index_taggings_on_taggable_id_and_taggable_type_and_context" ON "taggings"  ("taggable_id", "taggable_type", "context")[0m
  [1m[35mSQL (0.8ms)[0m  [1m[32mINSERT INTO "schema_migrations" ("version") VALUES ($1) RETURNING "version"[0m  [["version", "20180129025134"]]
  [1m[35m (1.6ms)[0m  [1m[35mCOMMIT[0m
Migrating to AddMissingUniqueIndices (20180129025135)
  [1m[35m (0.6ms)[0m  [1m[35mBEGIN[0m
  [1m[35m (3.1ms)[0m  [1m[35mCREATE UNIQUE INDEX  "index_tags_on_name" ON "tags"  ("name")[0m
  [1m[35m (0.5ms)[0m  [1m[35mDROP INDEX  "index_taggings_on_tag_id"[0m
  [1m[35m (0.3ms)[0m  [1m[35mDROP INDEX  "index_taggings_on_taggable_id_and_taggable_type_and_context"[0m
  [1m[35m (2.4ms)[0m  [1m[35mCREATE UNIQUE INDEX  "taggings_idx" ON "taggings"  ("tag_id", "taggable_id", "taggable_type", "context", "tagger_id", "tagger_type")[0m
  [1m[35mSQL (0.5ms)[0m  [1m[32mINSERT INTO "schema_migrations" ("version") VALUES ($1) RETURNING "version"[0m  [["version", "20180129025135"]]
  [1m[35m (1.2ms)[0m  [1m[35mCOMMIT[0m
Migrating to AddTaggingsCounterCacheToTags (20180129025136)
  [1m[35m (0.2ms)[0m  [1m[35mBEGIN[0m
  [1m[35m (12.7ms)[0m  [1m[35mALTER TABLE "tags" ADD "taggings_count" integer DEFAULT 0[0m
  [1m[36mActsAsTaggableOn::Tag Load (1.0ms)[0m  [1m[34mSELECT  "tags".* FROM "tags" ORDER BY "tags"."id" ASC LIMIT $1[0m  [["LIMIT", 1000]]
  [1m[35mSQL (0.7ms)[0m  [1m[32mINSERT INTO "schema_migrations" ("version") VALUES ($1) RETURNING "version"[0m  [["version", "20180129025136"]]
  [1m[35m (2.2ms)[0m  [1m[35mCOMMIT[0m
Migrating to AddMissingTaggableIndex (20180129025137)
  [1m[35m (0.5ms)[0m  [1m[35mBEGIN[0m
  [1m[35m (3.4ms)[0m  [1m[35mCREATE  INDEX  "index_taggings_on_taggable_id_and_taggable_type_and_context" ON "taggings"  ("taggable_id", "taggable_type", "context")[0m
  [1m[35mSQL (1.0ms)[0m  [1m[32mINSERT INTO "schema_migrations" ("version") VALUES ($1) RETURNING "version"[0m  [["version", "20180129025137"]]
  [1m[35m (1.4ms)[0m  [1m[35mCOMMIT[0m
Migrating to ChangeCollationForTagNames (20180129025138)
  [1m[35m (0.4ms)[0m  [1m[35mBEGIN[0m
  [1m[35mSQL (0.8ms)[0m  [1m[32mINSERT INTO "schema_migrations" ("version") VALUES ($1) RETURNING "version"[0m  [["version", "20180129025138"]]
  [1m[35m (1.1ms)[0m  [1m[35mCOMMIT[0m
Migrating to AddMissingIndexesOnTaggings (20180129025139)
  [1m[35m (0.5ms)[0m  [1m[35mBEGIN[0m
  [1m[35m (3.0ms)[0m  [1m[35mCREATE  INDEX  "index_taggings_on_tag_id" ON "taggings"  ("tag_id")[0m
  [1m[35m (3.6ms)[0m  [1m[35mCREATE  INDEX  "index_taggings_on_taggable_id" ON "taggings"  ("taggable_id")[0m
  [1m[35m (3.2ms)[0m  [1m[35mCREATE  INDEX  "index_taggings_on_taggable_type" ON "taggings"  ("taggable_type")[0m
  [1m[35m (3.4ms)[0m  [1m[35mCREATE  INDEX  "index_taggings_on_tagger_id" ON "taggings"  ("tagger_id")[0m
  [1m[35m (3.0ms)[0m  [1m[35mCREATE  INDEX  "index_taggings_on_context" ON "taggings"  ("context")[0m
  [1m[35m (4.8ms)[0m  [1m[35mCREATE  INDEX  "index_taggings_on_tagger_id_and_tagger_type" ON "taggings"  ("tagger_id", "tagger_type")[0m
  [1m[35m (2.2ms)[0m  [1m[35mCREATE  INDEX  "taggings_idy" ON "taggings"  ("taggable_id", "taggable_type", "tagger_id", "context")[0m
  [1m[35mSQL (0.4ms)[0m  [1m[32mINSERT INTO "schema_migrations" ("version") VALUES ($1) RETURNING "version"[0m  [["version", "20180129025139"]]
  [1m[35m (1.1ms)[0m  [1m[35mCOMMIT[0m
Migrating to CreateTips (20180129172029)
  [1m[35m (0.1ms)[0m  [1m[35mBEGIN[0m
  [1m[35m (5.4ms)[0m  [1m[35mCREATE TABLE "tips" ("id" bigserial primary key, "content" text, "rate" integer DEFAULT 0, "approved" boolean DEFAULT 'f', "totem_id" bigint, "created_at" timestamp NOT NULL, "updated_at" timestamp NOT NULL, CONSTRAINT "fk_rails_c27633f599"
FOREIGN KEY ("totem_id")
  REFERENCES "totems" ("id")
)[0m
  [1m[35m (2.1ms)[0m  [1m[35mCREATE  INDEX  "index_tips_on_totem_id" ON "tips"  ("totem_id")[0m
  [1m[35mSQL (0.2ms)[0m  [1m[32mINSERT INTO "schema_migrations" ("version") VALUES ($1) RETURNING "version"[0m  [["version", "20180129172029"]]
  [1m[35m (0.9ms)[0m  [1m[35mCOMMIT[0m
Migrating to CreatePages (20180130172018)
  [1m[35m (0.1ms)[0m  [1m[35mBEGIN[0m
  [1m[35m (6.0ms)[0m  [1m[35mCREATE TABLE "pages" ("id" bigserial primary key, "title" character varying, "content" text, "created_at" timestamp NOT NULL, "updated_at" timestamp NOT NULL)[0m
  [1m[35mSQL (0.4ms)[0m  [1m[32mINSERT INTO "schema_migrations" ("version") VALUES ($1) RETURNING "version"[0m  [["version", "20180130172018"]]
  [1m[35m (1.0ms)[0m  [1m[35mCOMMIT[0m
Migrating to AddSlugToPages (20180130172427)
  [1m[35m (0.2ms)[0m  [1m[35mBEGIN[0m
  [1m[35m (0.5ms)[0m  [1m[35mALTER TABLE "pages" ADD "slug" text[0m
  [1m[35mSQL (0.4ms)[0m  [1m[32mINSERT INTO "schema_migrations" ("version") VALUES ($1) RETURNING "version"[0m  [["version", "20180130172427"]]
  [1m[35m (0.8ms)[0m  [1m[35mCOMMIT[0m
Migrating to AddInfographicTextToTotems (20180202232233)
  [1m[35m (0.2ms)[0m  [1m[35mBEGIN[0m
  [1m[35m (0.5ms)[0m  [1m[35mALTER TABLE "totems" ADD "infographic_text" character varying[0m
  [1m[35mSQL (0.5ms)[0m  [1m[32mINSERT INTO "schema_migrations" ("version") VALUES ($1) RETURNING "version"[0m  [["version", "20180202232233"]]
  [1m[35m (0.9ms)[0m  [1m[35mCOMMIT[0m
Migrating to AddManualAddressToTotem (20180205194927)
  [1m[35m (0.2ms)[0m  [1m[35mBEGIN[0m
  [1m[35m (0.5ms)[0m  [1m[35mALTER TABLE "totems" ADD "manual_address" text[0m
  [1m[35mSQL (0.3ms)[0m  [1m[32mINSERT INTO "schema_migrations" ("version") VALUES ($1) RETURNING "version"[0m  [["version", "20180205194927"]]
  [1m[35m (0.8ms)[0m  [1m[35mCOMMIT[0m
Migrating to CreateImages (20180205213607)
  [1m[35m (0.2ms)[0m  [1m[35mBEGIN[0m
  [1m[35m (5.8ms)[0m  [1m[35mCREATE TABLE "images" ("id" bigserial primary key, "title" character varying, "image_file_name" character varying, "image_content_type" character varying, "image_file_size" integer, "image_updated_at" timestamp, "created_at" timestamp NOT NULL, "updated_at" timestamp NOT NULL)[0m
  [1m[35mSQL (0.9ms)[0m  [1m[32mINSERT INTO "schema_migrations" ("version") VALUES ($1) RETURNING "version"[0m  [["version", "20180205213607"]]
  [1m[35m (1.1ms)[0m  [1m[35mCOMMIT[0m
Migrating to AddShortcutToCircuit (20180206194853)
  [1m[35m (0.3ms)[0m  [1m[35mBEGIN[0m
  [1m[35m (0.7ms)[0m  [1m[35mALTER TABLE "circuits" ADD "shortcut" character varying[0m
  [1m[35m (5.7ms)[0m  [1m[35mCREATE UNIQUE INDEX  "index_circuits_on_shortcut" ON "circuits"  ("shortcut")[0m
  [1m[35mSQL (0.5ms)[0m  [1m[32mINSERT INTO "schema_migrations" ("version") VALUES ($1) RETURNING "version"[0m  [["version", "20180206194853"]]
  [1m[35m (1.1ms)[0m  [1m[35mCOMMIT[0m
Migrating to AddShortcutToTotem (20180206195333)
  [1m[35m (0.3ms)[0m  [1m[35mBEGIN[0m
  [1m[35m (0.5ms)[0m  [1m[35mALTER TABLE "totems" ADD "shortcut" character varying[0m
  [1m[35m (2.4ms)[0m  [1m[35mCREATE UNIQUE INDEX  "index_totems_on_shortcut" ON "totems"  ("shortcut")[0m
  [1m[35mSQL (0.3ms)[0m  [1m[32mINSERT INTO "schema_migrations" ("version") VALUES ($1) RETURNING "version"[0m  [["version", "20180206195333"]]
  [1m[35m (0.9ms)[0m  [1m[35mCOMMIT[0m
Migrating to AddHashtagToTotem (20180212190108)
  [1m[35m (0.2ms)[0m  [1m[35mBEGIN[0m
  [1m[35m (0.4ms)[0m  [1m[35mALTER TABLE "totems" ADD "hashtag" character varying[0m
  [1m[35mSQL (0.3ms)[0m  [1m[32mINSERT INTO "schema_migrations" ("version") VALUES ($1) RETURNING "version"[0m  [["version", "20180212190108"]]
  [1m[35m (0.9ms)[0m  [1m[35mCOMMIT[0m
Migrating to CreateInstagrams (20180212191442)
  [1m[35m (0.3ms)[0m  [1m[35mBEGIN[0m
  [1m[35m (5.2ms)[0m  [1m[35mCREATE TABLE "instagrams" ("id" bigserial primary key, "user_name" character varying, "user_username" character varying, "user_picture_url" character varying, "image_url" character varying, "likes" integer, "comments" integer, "totem_id" bigint, "created_at" timestamp NOT NULL, "updated_at" timestamp NOT NULL, CONSTRAINT "fk_rails_be075856fa"
FOREIGN KEY ("totem_id")
  REFERENCES "totems" ("id")
)[0m
  [1m[35m (1.9ms)[0m  [1m[35mCREATE  INDEX  "index_instagrams_on_totem_id" ON "instagrams"  ("totem_id")[0m
  [1m[35mSQL (0.3ms)[0m  [1m[32mINSERT INTO "schema_migrations" ("version") VALUES ($1) RETURNING "version"[0m  [["version", "20180212191442"]]
  [1m[35m (1.0ms)[0m  [1m[35mCOMMIT[0m
Migrating to AddApprovedToInstagram (20180212194242)
  [1m[35m (0.2ms)[0m  [1m[35mBEGIN[0m
  [1m[35m (9.9ms)[0m  [1m[35mALTER TABLE "instagrams" ADD "approved" boolean DEFAULT 'f'[0m
  [1m[35mSQL (0.7ms)[0m  [1m[32mINSERT INTO "schema_migrations" ("version") VALUES ($1) RETURNING "version"[0m  [["version", "20180212194242"]]
  [1m[35m (2.3ms)[0m  [1m[35mCOMMIT[0m
Migrating to AddMediaIdToInstagram (20180212200933)
  [1m[35m (0.5ms)[0m  [1m[35mBEGIN[0m
  [1m[35m (1.1ms)[0m  [1m[35mALTER TABLE "instagrams" ADD "media_id" character varying[0m
  [1m[35mSQL (0.8ms)[0m  [1m[32mINSERT INTO "schema_migrations" ("version") VALUES ($1) RETURNING "version"[0m  [["version", "20180212200933"]]
  [1m[35m (1.2ms)[0m  [1m[35mCOMMIT[0m
Migrating to AddLinkToInstagram (20180212202646)
  [1m[35m (0.5ms)[0m  [1m[35mBEGIN[0m
  [1m[35m (0.9ms)[0m  [1m[35mALTER TABLE "instagrams" ADD "link" character varying[0m
  [1m[35mSQL (0.7ms)[0m  [1m[32mINSERT INTO "schema_migrations" ("version") VALUES ($1) RETURNING "version"[0m  [["version", "20180212202646"]]
  [1m[35m (1.2ms)[0m  [1m[35mCOMMIT[0m
  [1m[36mActiveRecord::InternalMetadata Load (0.9ms)[0m  [1m[34mSELECT  "ar_internal_metadata".* FROM "ar_internal_metadata" WHERE "ar_internal_metadata"."key" = $1 LIMIT $2[0m  [["key", "environment"], ["LIMIT", 1]]
  [1m[35m (0.4ms)[0m  [1m[35mBEGIN[0m
  [1m[35mSQL (0.6ms)[0m  [1m[32mINSERT INTO "ar_internal_metadata" ("key", "value", "created_at", "updated_at") VALUES ($1, $2, $3, $4) RETURNING "key"[0m  [["key", "environment"], ["value", "development"], ["created_at", "2018-08-16 20:15:01.645943"], ["updated_at", "2018-08-16 20:15:01.645943"]]
  [1m[35m (0.9ms)[0m  [1m[35mCOMMIT[0m
  [1m[35m (0.4ms)[0m  [1m[34mSELECT pg_advisory_unlock(7460770554025143705)[0m
  [1m[35m (0.4ms)[0m  [1m[34mSELECT "schema_migrations"."version" FROM "schema_migrations" ORDER BY "schema_migrations"."version" ASC[0m
